<?xml version="1.0" encoding="utf-8"?>
<TestRun id="fc202d69-f702-4d87-95e9-65dc025bc54c" name="VAHİT@DESKTOP-F8M2K05 2025-08-30 18:57:05" runUser="DESKTOP-F8M2K05\VAHİT" xmlns="http://microsoft.com/schemas/VisualStudio/TeamTest/2010">
  <Times creation="2025-08-30T18:57:05.4967470+03:00" queuing="2025-08-30T18:57:05.4967478+03:00" start="2025-08-30T18:56:59.0570077+03:00" finish="2025-08-30T18:57:05.4974027+03:00" />
  <TestSettings name="default" id="05f59f49-b8b1-4675-87eb-667756ef72ff">
    <Deployment runDeploymentRoot="VAHİT_DESKTOP-F8M2K05_2025-08-30_18_57_05" />
  </TestSettings>
  <TestLists>
    <TestList name="Bir Listede Olmayan Sonuçlar" id="8c84fa94-04c1-424b-9868-57a2d4851a1d" />
    <TestList name="Yüklenen Tüm Sonuçlar" id="19431567-8539-422a-85d7-44ee4e166bda" />
  </TestLists>
  <ResultSummary outcome="Completed">
    <Counters total="0" executed="0" passed="0" failed="0" error="0" timeout="0" aborted="0" inconclusive="0" passedButRunAborted="0" notRunnable="0" notExecuted="0" disconnected="0" warning="0" completed="0" inProgress="0" pending="0" />
    <Output>
      <StdOut>[xUnit.net 00:00:00.00] xUnit.net VSTest Adapter v2.4.5+1caef2f33e (64-bit .NET 8.0.19)&#xD;
[xUnit.net 00:00:04.57]   Discovering: KesifUygulamasiTemplate.Tests&#xD;
[xUnit.net 00:00:04.68]   Discovered:  KesifUygulamasiTemplate.Tests&#xD;
[xUnit.net 00:00:04.69]   Starting:    KesifUygulamasiTemplate.Tests&#xD;
[xUnit.net 00:00:04.73]   Finished:    KesifUygulamasiTemplate.Tests&#xD;
</StdOut>
    </Output>
    <RunInfos>
      <RunInfo computerName="DESKTOP-F8M2K05" outcome="Warning" timestamp="2025-08-30T18:57:05.3043662+03:00">
        <Text>C:\Users\VAHİT\KesifUygulamasiTemplate\KesifUygulamasiTemplate.Tests\bin\Debug\net8.0-windows10.0.19041.0\KesifUygulamasiTemplate.Tests.dll içinde sunulan test çalışması filtresi `OfflineRouteSimulator` ile eşleşen test yok</Text>
      </RunInfo>
    </RunInfos>
  </ResultSummary>
</TestRun>